<?xml version="1.0" encoding="UTF-8"?>
<!-- Generated by org.testng.reporters.JUnitXMLReporter -->
<testsuite ignored="0" hostname="GnanaMuthus-Air" failures="1" tests="1" name="Test" time="0.323" errors="0" timestamp="2025-05-30T23:32:12 IST">
  <testcase classname="cucumber.api.testng.AbstractTestNGCucumberTests" name="@BeforeClass setUpClass" time="0.129">
    <failure type="java.lang.NoSuchMethodError" message="&amp;apos;gherkin.formatter.Reporter cucumber.runtime.RuntimeOptions.reporter(java.lang.ClassLoader)&amp;apos;">
      <![CDATA[java.lang.NoSuchMethodError: 'gherkin.formatter.Reporter cucumber.runtime.RuntimeOptions.reporter(java.lang.ClassLoader)'
at cucumber.api.testng.TestNGCucumberRunner.<init>(TestNGCucumberRunner.java:41)
at cucumber.api.testng.AbstractTestNGCucumberTests.setUpClass(AbstractTestNGCucumberTests.java:16)
at java.base/java.util.ArrayList.forEach(ArrayList.java:1597)
... Removed 23 stack frames]]>
    </failure>
  </testcase> <!-- @BeforeClass setUpClass -->
  <testcase classname="cucumber.api.testng.AbstractTestNGCucumberTests" name="@AfterClass tearDownClass" time="0.004">
    <failure type="java.lang.NullPointerException" message="Cannot invoke &amp;quot;cucumber.api.testng.TestNGCucumberRunner.finish()&amp;quot; because &amp;quot;this.testNGCucumberRunner&amp;quot; is null">
      <![CDATA[java.lang.NullPointerException: Cannot invoke "cucumber.api.testng.TestNGCucumberRunner.finish()" because "this.testNGCucumberRunner" is null
at cucumber.api.testng.AbstractTestNGCucumberTests.tearDownClass(AbstractTestNGCucumberTests.java:34)
at java.base/java.util.ArrayList.forEach(ArrayList.java:1597)
... Removed 24 stack frames]]>
    </failure>
  </testcase> <!-- @AfterClass tearDownClass -->
  <testcase classname="cucumber.api.testng.AbstractTestNGCucumberTests" name="feature" time="0.0">
    <failure type="java.lang.RuntimeException" message="java.lang.NullPointerException: Cannot invoke &amp;quot;cucumber.api.testng.TestNGCucumberRunner.provideFeatures()&amp;quot; because &amp;quot;this.testNGCucumberRunner&amp;quot; is null">
      <![CDATA[java.lang.RuntimeException: java.lang.NullPointerException: Cannot invoke "cucumber.api.testng.TestNGCucumberRunner.provideFeatures()" because "this.testNGCucumberRunner" is null
at java.base/java.util.ArrayList.forEach(ArrayList.java:1597)
Caused by: java.lang.NullPointerException: Cannot invoke "cucumber.api.testng.TestNGCucumberRunner.provideFeatures()" because "this.testNGCucumberRunner" is null
at cucumber.api.testng.AbstractTestNGCucumberTests.features(AbstractTestNGCucumberTests.java:29)
... 25 more
... Removed 30 stack frames]]>
    </failure>
  </testcase> <!-- feature -->
</testsuite> <!-- Test -->
